<?xml version="1.0" encoding="UTF-8"?>
<!-- Generated by org.testng.reporters.JUnitReportReporter -->
<testsuite hostname="DESKTOP-IGOEO69" failures="0" tests="6" name="com.learner.pages.TestClass" time="30.806" errors="0" timestamp="2024-04-14T18:40:04 IST" skipped="0">
  <testcase classname="com.learner.pages.TestClass" name="validate" time="3.255"/>
  <system-out/>
  <testcase classname="com.learner.pages.TestClass" name="invalidform" time="10.589"/>
  <system-out/>
  <testcase classname="com.learner.pages.TestClass" name="learnerform" time="7.014"/>
  <system-out/>
  <testcase classname="com.learner.pages.TestClass" name="uploadfile" time="3.390"/>
  <system-out/>
  <testcase classname="com.learner.pages.TestClass" name="pofficerlogin" time="3.172"/>
  <system-out/>
  <testcase classname="com.learner.pages.TestClass" name="update" time="3.386"/>
  <system-out/>
</testsuite> <!-- com.learner.pages.TestClass -->
